goos: linux
goarch: amd64
pkg: uk.ac.bris.cs/gameoflife
BenchmarkGol/1_workers-12         	       1	3037634958 ns/op
BenchmarkGol/1_workers-12         	       1	3062587535 ns/op
BenchmarkGol/1_workers-12         	       1	3202051558 ns/op
BenchmarkGol/1_workers-12         	       1	3030508962 ns/op
BenchmarkGol/1_workers-12         	       1	3229948812 ns/op
BenchmarkGol/1_workers-12         	       1	3134807781 ns/op
BenchmarkGol/1_workers-12         	       1	3128105510 ns/op
BenchmarkGol/1_workers-12         	       1	3172048480 ns/op
BenchmarkGol/1_workers-12         	       1	3050956008 ns/op
BenchmarkGol/1_workers-12         	       1	3094097362 ns/op
BenchmarkGol/1_workers-12         	       1	3106024653 ns/op
BenchmarkGol/1_workers-12         	       1	3017576705 ns/op
BenchmarkGol/1_workers-12         	       1	3058620510 ns/op
BenchmarkGol/1_workers-12         	       1	3027015764 ns/op
BenchmarkGol/1_workers-12         	       1	3162131120 ns/op
BenchmarkGol/1_workers-12         	       1	3077931269 ns/op
BenchmarkGol/1_workers-12         	       1	3286097150 ns/op
BenchmarkGol/1_workers-12         	       1	3135914755 ns/op
BenchmarkGol/1_workers-12         	       1	3148349471 ns/op
BenchmarkGol/1_workers-12         	       1	3101320822 ns/op
BenchmarkGol/2_workers-12         	       1	1868079705 ns/op
BenchmarkGol/2_workers-12         	       1	1935322659 ns/op
BenchmarkGol/2_workers-12         	       1	1942091930 ns/op
BenchmarkGol/2_workers-12         	       1	1874469877 ns/op
BenchmarkGol/2_workers-12         	       1	1970910863 ns/op
BenchmarkGol/2_workers-12         	       1	2027031013 ns/op
BenchmarkGol/2_workers-12         	       1	1922941798 ns/op
BenchmarkGol/2_workers-12         	       1	1919424010 ns/op
BenchmarkGol/2_workers-12         	       1	2079231443 ns/op
BenchmarkGol/2_workers-12         	       1	1911083974 ns/op
BenchmarkGol/2_workers-12         	       1	2033137840 ns/op
BenchmarkGol/2_workers-12         	       1	1940538976 ns/op
BenchmarkGol/2_workers-12         	       1	1922593602 ns/op
BenchmarkGol/2_workers-12         	       1	2051004202 ns/op
BenchmarkGol/2_workers-12         	       1	1941345549 ns/op
BenchmarkGol/2_workers-12         	       1	1871612704 ns/op
BenchmarkGol/2_workers-12         	       1	1939721849 ns/op
BenchmarkGol/2_workers-12         	       1	2009356476 ns/op
BenchmarkGol/2_workers-12         	       1	1979317391 ns/op
BenchmarkGol/2_workers-12         	       1	1894862668 ns/op
BenchmarkGol/3_workers-12         	       1	1605091162 ns/op
BenchmarkGol/3_workers-12         	       1	1590105260 ns/op
BenchmarkGol/3_workers-12         	       1	1603610232 ns/op
BenchmarkGol/3_workers-12         	       1	1592279750 ns/op
BenchmarkGol/3_workers-12         	       1	1634140528 ns/op
BenchmarkGol/3_workers-12         	       1	1604545138 ns/op
BenchmarkGol/3_workers-12         	       1	1608017044 ns/op
BenchmarkGol/3_workers-12         	       1	1625529042 ns/op
BenchmarkGol/3_workers-12         	       1	1590833123 ns/op
BenchmarkGol/3_workers-12         	       1	1650895587 ns/op
BenchmarkGol/3_workers-12         	       1	1629819542 ns/op
BenchmarkGol/3_workers-12         	       1	1598103608 ns/op
BenchmarkGol/3_workers-12         	       1	1637395249 ns/op
BenchmarkGol/3_workers-12         	       1	1590432316 ns/op
BenchmarkGol/3_workers-12         	       1	1565464060 ns/op
BenchmarkGol/3_workers-12         	       1	1653623928 ns/op
BenchmarkGol/3_workers-12         	       1	1645481432 ns/op
BenchmarkGol/3_workers-12         	       1	1587598800 ns/op
BenchmarkGol/3_workers-12         	       1	1638072677 ns/op
BenchmarkGol/3_workers-12         	       1	1583462461 ns/op
BenchmarkGol/4_workers-12         	       1	1587441105 ns/op
BenchmarkGol/4_workers-12         	       1	1378295069 ns/op
BenchmarkGol/4_workers-12         	       1	1461423724 ns/op
BenchmarkGol/4_workers-12         	       1	1453366576 ns/op
BenchmarkGol/4_workers-12         	       1	1493335649 ns/op
BenchmarkGol/4_workers-12         	       1	1494500930 ns/op
BenchmarkGol/4_workers-12         	       1	1483479888 ns/op
BenchmarkGol/4_workers-12         	       1	1503710380 ns/op
BenchmarkGol/4_workers-12         	       1	1602628794 ns/op
BenchmarkGol/4_workers-12         	       1	1693512017 ns/op
BenchmarkGol/4_workers-12         	       1	2024647023 ns/op
BenchmarkGol/4_workers-12         	       1	1605038736 ns/op
BenchmarkGol/4_workers-12         	       1	1869379758 ns/op
BenchmarkGol/4_workers-12         	       1	1626412770 ns/op
BenchmarkGol/4_workers-12         	       1	1352599232 ns/op
BenchmarkGol/4_workers-12         	       1	1507639708 ns/op
BenchmarkGol/4_workers-12         	       1	1651676245 ns/op
BenchmarkGol/4_workers-12         	       1	1465766560 ns/op
BenchmarkGol/4_workers-12         	       1	1456583101 ns/op
BenchmarkGol/4_workers-12         	       1	1410394853 ns/op
BenchmarkGol/5_workers-12         	       1	1629014563 ns/op
BenchmarkGol/5_workers-12         	       1	1669945596 ns/op
BenchmarkGol/5_workers-12         	       1	1498678874 ns/op
BenchmarkGol/5_workers-12         	       1	1526978006 ns/op
BenchmarkGol/5_workers-12         	       1	1695555684 ns/op
BenchmarkGol/5_workers-12         	       1	1640279689 ns/op
BenchmarkGol/5_workers-12         	       1	1689685261 ns/op
BenchmarkGol/5_workers-12         	       1	1559031199 ns/op
BenchmarkGol/5_workers-12         	       1	1632203490 ns/op
BenchmarkGol/5_workers-12         	       1	1594482766 ns/op
BenchmarkGol/5_workers-12         	       1	1601932849 ns/op
BenchmarkGol/5_workers-12         	       1	1589445544 ns/op
BenchmarkGol/5_workers-12         	       1	1634073979 ns/op
BenchmarkGol/5_workers-12         	       1	1615898581 ns/op
BenchmarkGol/5_workers-12         	       1	1577075346 ns/op
BenchmarkGol/5_workers-12         	       1	1744408413 ns/op
BenchmarkGol/5_workers-12         	       1	1576936029 ns/op
BenchmarkGol/5_workers-12         	       1	1574331394 ns/op
BenchmarkGol/5_workers-12         	       1	1580048365 ns/op
BenchmarkGol/5_workers-12         	       1	1442704366 ns/op
BenchmarkGol/6_workers-12         	       1	1654733463 ns/op
BenchmarkGol/6_workers-12         	       1	1868742614 ns/op
BenchmarkGol/6_workers-12         	       1	1704849883 ns/op
BenchmarkGol/6_workers-12         	       1	1659040401 ns/op
BenchmarkGol/6_workers-12         	       1	1683826262 ns/op
BenchmarkGol/6_workers-12         	       1	1754181299 ns/op
BenchmarkGol/6_workers-12         	       1	1691292874 ns/op
BenchmarkGol/6_workers-12         	       1	1691617029 ns/op
BenchmarkGol/6_workers-12         	       1	1737178169 ns/op
BenchmarkGol/6_workers-12         	       1	1757502841 ns/op
BenchmarkGol/6_workers-12         	       1	1740106019 ns/op
BenchmarkGol/6_workers-12         	       1	1752489009 ns/op
BenchmarkGol/6_workers-12         	       1	1695251671 ns/op
BenchmarkGol/6_workers-12         	       1	1702360600 ns/op
BenchmarkGol/6_workers-12         	       1	1756662251 ns/op
BenchmarkGol/6_workers-12         	       1	1660085837 ns/op
BenchmarkGol/6_workers-12         	       1	1691110706 ns/op
BenchmarkGol/6_workers-12         	       1	1721662038 ns/op
BenchmarkGol/6_workers-12         	       1	1708644068 ns/op
BenchmarkGol/6_workers-12         	       1	1724758491 ns/op
BenchmarkGol/7_workers-12         	       1	1911089993 ns/op
BenchmarkGol/7_workers-12         	       1	1916893740 ns/op
BenchmarkGol/7_workers-12         	       1	1874352419 ns/op
BenchmarkGol/7_workers-12         	       1	1860840795 ns/op
BenchmarkGol/7_workers-12         	       1	2002785918 ns/op
BenchmarkGol/7_workers-12         	       1	1854040401 ns/op
BenchmarkGol/7_workers-12         	       1	1843458257 ns/op
BenchmarkGol/7_workers-12         	       1	1880940374 ns/op
BenchmarkGol/7_workers-12         	       1	1921149460 ns/op
BenchmarkGol/7_workers-12         	       1	2024713488 ns/op
BenchmarkGol/7_workers-12         	       1	1814595904 ns/op
BenchmarkGol/7_workers-12         	       1	1875984313 ns/op
BenchmarkGol/7_workers-12         	       1	1926441491 ns/op
BenchmarkGol/7_workers-12         	       1	1868109086 ns/op
BenchmarkGol/7_workers-12         	       1	1824812449 ns/op
BenchmarkGol/7_workers-12         	       1	1955432692 ns/op
BenchmarkGol/7_workers-12         	       1	1839121903 ns/op
BenchmarkGol/7_workers-12         	       1	1882946904 ns/op
BenchmarkGol/7_workers-12         	       1	1933322411 ns/op
BenchmarkGol/7_workers-12         	       1	1899511751 ns/op
BenchmarkGol/8_workers-12         	       1	2109516887 ns/op
BenchmarkGol/8_workers-12         	       1	1972813028 ns/op
BenchmarkGol/8_workers-12         	       1	2068141778 ns/op
BenchmarkGol/8_workers-12         	       1	2120649796 ns/op
BenchmarkGol/8_workers-12         	       1	2063064778 ns/op
BenchmarkGol/8_workers-12         	       1	2092626483 ns/op
BenchmarkGol/8_workers-12         	       1	2137870808 ns/op
BenchmarkGol/8_workers-12         	       1	2176192551 ns/op
BenchmarkGol/8_workers-12         	       1	2103426234 ns/op
BenchmarkGol/8_workers-12         	       1	2169427505 ns/op
BenchmarkGol/8_workers-12         	       1	2092543004 ns/op
BenchmarkGol/8_workers-12         	       1	2020441012 ns/op
BenchmarkGol/8_workers-12         	       1	2100726353 ns/op
BenchmarkGol/8_workers-12         	       1	2073561410 ns/op
BenchmarkGol/8_workers-12         	       1	2095681953 ns/op
BenchmarkGol/8_workers-12         	       1	2158407033 ns/op
BenchmarkGol/8_workers-12         	       1	2084449236 ns/op
BenchmarkGol/8_workers-12         	       1	2147622095 ns/op
BenchmarkGol/8_workers-12         	       1	2374282958 ns/op
BenchmarkGol/8_workers-12         	       1	2126801345 ns/op
ok  	uk.ac.bris.cs/gameoflife	644.879s
